<?xml version="1.0" encoding="UTF-8"?>
<!-- Generated by org.testng.reporters.JUnitReportReporter -->
<testsuite hostname="NGBLR-01230" failures="0" tests="1" name="creditSuisseJavaAssignment.RunnerClass" time="0.299" errors="0" timestamp="2022-12-01T00:26:32 IST" skipped="0">
  <testcase classname="creditSuisseJavaAssignment.RunnerClass" name="executeTestcase" time="0.299"/>
  <system-out/>
</testsuite> <!-- creditSuisseJavaAssignment.RunnerClass -->
